[2020-04-07 03:49:10Z INFO HostContext] No proxy settings were found based on environmental variables (http_proxy/https_proxy/HTTP_PROXY/HTTPS_PROXY)
[2020-04-07 03:49:10Z INFO Listener] Runner is built for Windows (X64) - win-x64.
[2020-04-07 03:49:10Z INFO Listener] RuntimeInformation: Microsoft Windows 10.0.19041.
[2020-04-07 03:49:10Z INFO Listener] Version: 2.165.2
[2020-04-07 03:49:10Z INFO Listener] Commit: fcf795d86d880b9f0bd10f9713d29cb9784ecef5
[2020-04-07 03:49:10Z INFO Listener] Culture: en-GB
[2020-04-07 03:49:10Z INFO Listener] UI Culture: en-US
[2020-04-07 03:49:10Z INFO HostContext] Well known directory 'Bin': 'K:\actions-runner\bin'
[2020-04-07 03:49:10Z INFO HostContext] Well known directory 'Root': 'K:\actions-runner'
[2020-04-07 03:49:10Z INFO Listener] Validating directory permissions for: 'K:\actions-runner'
[2020-04-07 03:49:10Z INFO CommandLineParser] Parse
[2020-04-07 03:49:10Z INFO CommandLineParser] Parsing 1 args
[2020-04-07 03:49:10Z INFO CommandLineParser] parsing argument
[2020-04-07 03:49:10Z INFO CommandLineParser] HasArgs: False
[2020-04-07 03:49:10Z INFO CommandLineParser] Adding Command: run
[2020-04-07 03:49:10Z INFO Listener] Arguments parsed
[2020-04-07 03:49:11Z INFO Runner] ExecuteCommand
[2020-04-07 03:49:11Z INFO ConfigurationStore] currentAssemblyLocation: K:\actions-runner\bin\Runner.Listener.dll
[2020-04-07 03:49:11Z INFO HostContext] Well known directory 'Bin': 'K:\actions-runner\bin'
[2020-04-07 03:49:11Z INFO ConfigurationStore] binPath: K:\actions-runner\bin
[2020-04-07 03:49:11Z INFO HostContext] Well known directory 'Bin': 'K:\actions-runner\bin'
[2020-04-07 03:49:11Z INFO HostContext] Well known directory 'Root': 'K:\actions-runner'
[2020-04-07 03:49:11Z INFO ConfigurationStore] RootFolder: K:\actions-runner
[2020-04-07 03:49:11Z INFO HostContext] Well known directory 'Bin': 'K:\actions-runner\bin'
[2020-04-07 03:49:11Z INFO HostContext] Well known directory 'Root': 'K:\actions-runner'
[2020-04-07 03:49:11Z INFO HostContext] Well known config file 'Runner': 'K:\actions-runner\.runner'
[2020-04-07 03:49:11Z INFO ConfigurationStore] ConfigFilePath: K:\actions-runner\.runner
[2020-04-07 03:49:11Z INFO HostContext] Well known directory 'Bin': 'K:\actions-runner\bin'
[2020-04-07 03:49:11Z INFO HostContext] Well known directory 'Root': 'K:\actions-runner'
[2020-04-07 03:49:11Z INFO HostContext] Well known config file 'Credentials': 'K:\actions-runner\.credentials'
[2020-04-07 03:49:11Z INFO ConfigurationStore] CredFilePath: K:\actions-runner\.credentials
[2020-04-07 03:49:11Z INFO HostContext] Well known directory 'Bin': 'K:\actions-runner\bin'
[2020-04-07 03:49:11Z INFO HostContext] Well known directory 'Root': 'K:\actions-runner'
[2020-04-07 03:49:11Z INFO HostContext] Well known config file 'Service': 'K:\actions-runner\.service'
[2020-04-07 03:49:11Z INFO ConfigurationStore] ServiceConfigFilePath: K:\actions-runner\.service
[2020-04-07 03:49:11Z INFO CommandSettings] Flag 'help': 'False'
[2020-04-07 03:49:11Z INFO CommandSettings] Flag 'version': 'False'
[2020-04-07 03:49:11Z INFO CommandSettings] Flag 'commit': 'False'
[2020-04-07 03:49:11Z INFO CommandSettings] Command 'configure': 'False'
[2020-04-07 03:49:11Z INFO CommandSettings] Command 'remove': 'False'
[2020-04-07 03:49:11Z INFO CommandSettings] Command 'warmup': 'False'
[2020-04-07 03:49:11Z INFO ConfigurationManager] LoadSettings
[2020-04-07 03:49:11Z INFO ConfigurationStore] IsConfigured()
[2020-04-07 03:49:11Z INFO ConfigurationStore] IsConfigured: True
[2020-04-07 03:49:11Z INFO ConfigurationManager] Is configured: True
[2020-04-07 03:49:11Z INFO ConfigurationStore] Read setting file: 295 chars
[2020-04-07 03:49:11Z INFO ConfigurationManager] Settings Loaded
[2020-04-07 03:49:11Z INFO ConfigurationStore] IsServiceConfigured()
[2020-04-07 03:49:11Z INFO ConfigurationStore] IsServiceConfigured: False
[2020-04-07 03:49:11Z INFO CommandSettings] Command 'run': 'True'
[2020-04-07 03:49:11Z INFO ConfigurationStore] IsConfigured()
[2020-04-07 03:49:11Z INFO ConfigurationStore] IsConfigured: True
[2020-04-07 03:49:11Z INFO ConfigurationManager] Is configured: True
[2020-04-07 03:49:11Z INFO Runner] Could not parse the argument value '' for StartupType. Defaulting to Manual
[2020-04-07 03:49:11Z INFO Runner] Set runner startup type - Manual
[2020-04-07 03:49:11Z INFO CommandSettings] Flag 'once': 'False'
[2020-04-07 03:49:11Z INFO Runner] RunAsync
[2020-04-07 03:49:11Z INFO ConfigurationManager] LoadSettings
[2020-04-07 03:49:11Z INFO ConfigurationStore] IsConfigured()
[2020-04-07 03:49:11Z INFO ConfigurationStore] IsConfigured: True
[2020-04-07 03:49:11Z INFO ConfigurationManager] Is configured: True
[2020-04-07 03:49:11Z INFO ConfigurationManager] Settings Loaded
[2020-04-07 03:49:11Z INFO MessageListener] {
  "AgentId": 2,
  "AgentName": "SERVER",
  "PoolId": 1,
  "PoolName": "Default",
  "ServerUrl": "https://pipelines.actions.githubusercontent.com/QfYpb7nPf8spnSfY4CCt69Q1h5T0wKuROAEPd52S2dbp2Fk6xd/",
  "GitHubUrl": "https://github.com/CIRCERO/local.repo",
  "WorkFolder": "local.repo"
}
[2020-04-07 03:49:11Z INFO MessageListener] Loading Credentials
[2020-04-07 03:49:11Z INFO ConfigurationStore] HasCredentials()
[2020-04-07 03:49:11Z INFO ConfigurationStore] stored True
[2020-04-07 03:49:11Z INFO CredentialManager] GetCredentialProvider
[2020-04-07 03:49:11Z INFO CredentialManager] Creating type OAuth
[2020-04-07 03:49:11Z INFO CredentialManager] Creating credential type: OAuth
[2020-04-07 03:49:11Z INFO HostContext] Well known directory 'Bin': 'K:\actions-runner\bin'
[2020-04-07 03:49:11Z INFO HostContext] Well known directory 'Root': 'K:\actions-runner'
[2020-04-07 03:49:11Z INFO HostContext] Well known config file 'RSACredentials': 'K:\actions-runner\.credentials_rsaparams'
[2020-04-07 03:49:11Z INFO RSAEncryptedFileKeyManager] Loading RSA key parameters from file K:\actions-runner\.credentials_rsaparams
[2020-04-07 03:49:11Z INFO MessageListener] Attempt to create session.
[2020-04-07 03:49:11Z INFO MessageListener] Connecting to the Runner Server...
[2020-04-07 03:49:11Z INFO RunnerServer] Establish connection with 100 seconds timeout.
[2020-04-07 03:49:11Z INFO GitHubActionsService] Starting operation Location.GetConnectionData
[2020-04-07 03:49:11Z INFO RunnerServer] Establish connection with 60 seconds timeout.
[2020-04-07 03:49:11Z INFO GitHubActionsService] Starting operation Location.GetConnectionData
[2020-04-07 03:49:11Z INFO RunnerServer] Establish connection with 60 seconds timeout.
[2020-04-07 03:49:11Z INFO GitHubActionsService] Starting operation Location.GetConnectionData
[2020-04-07 03:49:12Z INFO GitHubActionsService] Finished operation Location.GetConnectionData
[2020-04-07 03:49:12Z INFO GitHubActionsService] Finished operation Location.GetConnectionData
[2020-04-07 03:49:12Z INFO GitHubActionsService] Finished operation Location.GetConnectionData
[2020-04-07 03:49:12Z INFO MessageListener] VssConnection created
[2020-04-07 03:49:12Z INFO Terminal] WRITE LINE: 
[2020-04-07 03:49:12Z INFO Terminal] WRITE LINE: 
[2020-04-07 03:49:13Z WARN GitHubActionsService] Authentication failed with status code 401.
WWW-Authenticate: Bearer
Strict-Transport-Security: max-age=2592000
X-TFS-ProcessId: c56eef11-e6f9-4b0b-8371-8358048cde76
ActivityId: fcdf364c-5947-485f-9088-c9e23b9805eb
X-TFS-Session: 49383e0d-254b-442f-954e-610fc9959752
X-VSS-E2EID: 6f0a54b0-adba-4b28-9f68-0099d2b21b1a
X-VSS-SenderDeploymentId: d624195d-30e0-1768-06a5-b10a7879c7db
X-TFS-ServiceError: The+user+%27System%3aPublicAccess%3baaaaaaaa-aaaa-aaaa-aaaa-aaaaaaaaaaaa%27+is+not+authorized+to+access+this+resource.
X-VSS-S2STargetService: 0000005A-0000-8888-8000-000000000000/visualstudio.com
X-MSEdge-Ref: Ref A: F49AADF8A520458E8AFD6BC8E1313B02 Ref B: JNB02EDGE0209 Ref C: 2020-04-07T03:49:10Z
Date: Tue, 07 Apr 2020 03:49:10 GMT

[2020-04-07 03:49:13Z INFO RSAEncryptedFileKeyManager] Loading RSA key parameters from file K:\actions-runner\.credentials_rsaparams
[2020-04-07 03:49:13Z INFO RSAEncryptedFileKeyManager] Loading RSA key parameters from file K:\actions-runner\.credentials_rsaparams
[2020-04-07 03:49:15Z INFO GitHubActionsService] AAD Correlation ID for this token request: Unknown
[2020-04-07 03:49:15Z INFO MessageListener] Session created.
[2020-04-07 03:49:15Z INFO Terminal] WRITE LINE: 2020-04-07 03:49:15Z: Listening for Jobs
[2020-04-07 03:49:15Z INFO JobDispatcher] Set runner/worker IPC timeout to 30 seconds.
