[2020-04-06 19:32:48Z INFO HostContext] No proxy settings were found based on environmental variables (http_proxy/https_proxy/HTTP_PROXY/HTTPS_PROXY)
[2020-04-06 19:32:48Z INFO Listener] Runner is built for Windows (X64) - win-x64.
[2020-04-06 19:32:48Z INFO Listener] RuntimeInformation: Microsoft Windows 10.0.19041.
[2020-04-06 19:32:48Z INFO Listener] Version: 2.165.2
[2020-04-06 19:32:48Z INFO Listener] Commit: fcf795d86d880b9f0bd10f9713d29cb9784ecef5
[2020-04-06 19:32:48Z INFO Listener] Culture: en-GB
[2020-04-06 19:32:48Z INFO Listener] UI Culture: en-US
[2020-04-06 19:32:48Z INFO HostContext] Well known directory 'Bin': 'K:\actions-runner\bin'
[2020-04-06 19:32:48Z INFO HostContext] Well known directory 'Root': 'K:\actions-runner'
[2020-04-06 19:32:48Z INFO Listener] Validating directory permissions for: 'K:\actions-runner'
[2020-04-06 19:32:48Z INFO CommandLineParser] Parse
[2020-04-06 19:32:48Z INFO CommandLineParser] Parsing 1 args
[2020-04-06 19:32:48Z INFO CommandLineParser] parsing argument
[2020-04-06 19:32:48Z INFO CommandLineParser] HasArgs: False
[2020-04-06 19:32:48Z INFO CommandLineParser] Adding Command: run
[2020-04-06 19:32:48Z INFO Listener] Arguments parsed
[2020-04-06 19:32:48Z INFO Runner] ExecuteCommand
[2020-04-06 19:32:48Z INFO ConfigurationStore] currentAssemblyLocation: K:\actions-runner\bin\Runner.Listener.dll
[2020-04-06 19:32:48Z INFO HostContext] Well known directory 'Bin': 'K:\actions-runner\bin'
[2020-04-06 19:32:48Z INFO ConfigurationStore] binPath: K:\actions-runner\bin
[2020-04-06 19:32:48Z INFO HostContext] Well known directory 'Bin': 'K:\actions-runner\bin'
[2020-04-06 19:32:48Z INFO HostContext] Well known directory 'Root': 'K:\actions-runner'
[2020-04-06 19:32:48Z INFO ConfigurationStore] RootFolder: K:\actions-runner
[2020-04-06 19:32:48Z INFO HostContext] Well known directory 'Bin': 'K:\actions-runner\bin'
[2020-04-06 19:32:48Z INFO HostContext] Well known directory 'Root': 'K:\actions-runner'
[2020-04-06 19:32:48Z INFO HostContext] Well known config file 'Runner': 'K:\actions-runner\.runner'
[2020-04-06 19:32:48Z INFO ConfigurationStore] ConfigFilePath: K:\actions-runner\.runner
[2020-04-06 19:32:48Z INFO HostContext] Well known directory 'Bin': 'K:\actions-runner\bin'
[2020-04-06 19:32:48Z INFO HostContext] Well known directory 'Root': 'K:\actions-runner'
[2020-04-06 19:32:48Z INFO HostContext] Well known config file 'Credentials': 'K:\actions-runner\.credentials'
[2020-04-06 19:32:48Z INFO ConfigurationStore] CredFilePath: K:\actions-runner\.credentials
[2020-04-06 19:32:48Z INFO HostContext] Well known directory 'Bin': 'K:\actions-runner\bin'
[2020-04-06 19:32:48Z INFO HostContext] Well known directory 'Root': 'K:\actions-runner'
[2020-04-06 19:32:48Z INFO HostContext] Well known config file 'Service': 'K:\actions-runner\.service'
[2020-04-06 19:32:48Z INFO ConfigurationStore] ServiceConfigFilePath: K:\actions-runner\.service
[2020-04-06 19:32:48Z INFO CommandSettings] Flag 'help': 'False'
[2020-04-06 19:32:48Z INFO CommandSettings] Flag 'version': 'False'
[2020-04-06 19:32:48Z INFO CommandSettings] Flag 'commit': 'False'
[2020-04-06 19:32:48Z INFO CommandSettings] Command 'configure': 'False'
[2020-04-06 19:32:48Z INFO CommandSettings] Command 'remove': 'False'
[2020-04-06 19:32:48Z INFO CommandSettings] Command 'warmup': 'False'
[2020-04-06 19:32:48Z INFO ConfigurationManager] LoadSettings
[2020-04-06 19:32:48Z INFO ConfigurationStore] IsConfigured()
[2020-04-06 19:32:48Z INFO ConfigurationStore] IsConfigured: True
[2020-04-06 19:32:48Z INFO ConfigurationManager] Is configured: True
[2020-04-06 19:32:48Z INFO ConfigurationStore] Read setting file: 295 chars
[2020-04-06 19:32:49Z INFO ConfigurationManager] Settings Loaded
[2020-04-06 19:32:49Z INFO ConfigurationStore] IsServiceConfigured()
[2020-04-06 19:32:49Z INFO ConfigurationStore] IsServiceConfigured: False
[2020-04-06 19:32:49Z INFO CommandSettings] Command 'run': 'True'
[2020-04-06 19:32:49Z INFO ConfigurationStore] IsConfigured()
[2020-04-06 19:32:49Z INFO ConfigurationStore] IsConfigured: True
[2020-04-06 19:32:49Z INFO ConfigurationManager] Is configured: True
[2020-04-06 19:32:49Z INFO Runner] Could not parse the argument value '' for StartupType. Defaulting to Manual
[2020-04-06 19:32:49Z INFO Runner] Set runner startup type - Manual
[2020-04-06 19:32:49Z INFO CommandSettings] Flag 'once': 'False'
[2020-04-06 19:32:49Z INFO Runner] RunAsync
[2020-04-06 19:32:49Z INFO ConfigurationManager] LoadSettings
[2020-04-06 19:32:49Z INFO ConfigurationStore] IsConfigured()
[2020-04-06 19:32:49Z INFO ConfigurationStore] IsConfigured: True
[2020-04-06 19:32:49Z INFO ConfigurationManager] Is configured: True
[2020-04-06 19:32:49Z INFO ConfigurationManager] Settings Loaded
[2020-04-06 19:32:49Z INFO MessageListener] {
  "AgentId": 2,
  "AgentName": "SERVER",
  "PoolId": 1,
  "PoolName": "Default",
  "ServerUrl": "https://pipelines.actions.githubusercontent.com/QfYpb7nPf8spnSfY4CCt69Q1h5T0wKuROAEPd52S2dbp2Fk6xd/",
  "GitHubUrl": "https://github.com/CIRCERO/local.repo",
  "WorkFolder": "local.repo"
}
[2020-04-06 19:32:49Z INFO MessageListener] Loading Credentials
[2020-04-06 19:32:49Z INFO ConfigurationStore] HasCredentials()
[2020-04-06 19:32:49Z INFO ConfigurationStore] stored True
[2020-04-06 19:32:49Z INFO CredentialManager] GetCredentialProvider
[2020-04-06 19:32:49Z INFO CredentialManager] Creating type OAuth
[2020-04-06 19:32:49Z INFO CredentialManager] Creating credential type: OAuth
[2020-04-06 19:32:49Z INFO HostContext] Well known directory 'Bin': 'K:\actions-runner\bin'
[2020-04-06 19:32:49Z INFO HostContext] Well known directory 'Root': 'K:\actions-runner'
[2020-04-06 19:32:49Z INFO HostContext] Well known config file 'RSACredentials': 'K:\actions-runner\.credentials_rsaparams'
[2020-04-06 19:32:49Z INFO RSAEncryptedFileKeyManager] Loading RSA key parameters from file K:\actions-runner\.credentials_rsaparams
[2020-04-06 19:32:49Z INFO MessageListener] Attempt to create session.
[2020-04-06 19:32:49Z INFO MessageListener] Connecting to the Runner Server...
[2020-04-06 19:32:49Z INFO RunnerServer] Establish connection with 100 seconds timeout.
[2020-04-06 19:32:50Z INFO GitHubActionsService] Starting operation Location.GetConnectionData
[2020-04-06 19:32:50Z INFO RunnerServer] Establish connection with 60 seconds timeout.
[2020-04-06 19:32:50Z INFO GitHubActionsService] Starting operation Location.GetConnectionData
[2020-04-06 19:32:50Z INFO RunnerServer] Establish connection with 60 seconds timeout.
[2020-04-06 19:32:50Z INFO GitHubActionsService] Starting operation Location.GetConnectionData
[2020-04-06 19:32:51Z INFO GitHubActionsService] Finished operation Location.GetConnectionData
[2020-04-06 19:32:51Z INFO GitHubActionsService] Finished operation Location.GetConnectionData
[2020-04-06 19:32:51Z INFO GitHubActionsService] Finished operation Location.GetConnectionData
[2020-04-06 19:32:51Z INFO MessageListener] VssConnection created
[2020-04-06 19:32:51Z INFO Terminal] WRITE LINE: 
[2020-04-06 19:32:51Z INFO Terminal] WRITE LINE: 
[2020-04-06 19:32:52Z WARN GitHubActionsService] Authentication failed with status code 401.
Transfer-Encoding: chunked
WWW-Authenticate: Bearer
Strict-Transport-Security: max-age=2592000
X-TFS-ProcessId: a4bb346e-3716-4fb2-b113-0f99a6db3c2d
ActivityId: 7b826d64-892a-488c-a19f-c9cdb5943b6a
X-TFS-Session: 64e38c52-ee11-4b34-a4b3-3f51f000077f
X-VSS-E2EID: dc2a74a3-18a9-45b7-954d-0ec393e2fd71
X-VSS-SenderDeploymentId: d624195d-30e0-1768-06a5-b10a7879c7db
X-TFS-ServiceError: The+user+%27System%3aPublicAccess%3baaaaaaaa-aaaa-aaaa-aaaa-aaaaaaaaaaaa%27+is+not+authorized+to+access+this+resource.
X-VSS-S2STargetService: 0000005A-0000-8888-8000-000000000000/visualstudio.com
X-MSEdge-Ref: Ref A: 535AF53EE0B24CBA96EAB7A8EA42B1B7 Ref B: JNB02EDGE0212 Ref C: 2020-04-06T19:32:50Z
Date: Mon, 06 Apr 2020 19:32:50 GMT

[2020-04-06 19:32:52Z INFO RSAEncryptedFileKeyManager] Loading RSA key parameters from file K:\actions-runner\.credentials_rsaparams
[2020-04-06 19:32:52Z INFO RSAEncryptedFileKeyManager] Loading RSA key parameters from file K:\actions-runner\.credentials_rsaparams
[2020-04-06 19:32:53Z INFO GitHubActionsService] AAD Correlation ID for this token request: Unknown
[2020-04-06 19:32:54Z INFO MessageListener] Session created.
[2020-04-06 19:32:54Z INFO Terminal] WRITE LINE: 2020-04-06 19:32:54Z: Listening for Jobs
[2020-04-06 19:32:54Z INFO JobDispatcher] Set runner/worker IPC timeout to 30 seconds.
[2020-04-06 20:03:14Z INFO MessageListener] No message retrieved from session 'a8d9ad7f-fbed-4c27-9667-db0c79da1f46' within last 30 minutes.
[2020-04-06 20:28:30Z WARN GitHubActionsService] Authentication failed with status code 401.
Transfer-Encoding: chunked
WWW-Authenticate: Bearer
Strict-Transport-Security: max-age=2592000
X-TFS-ProcessId: c56eef11-e6f9-4b0b-8371-8358048cde76
ActivityId: fcb95f61-5947-485f-9088-c9e23b9805eb
X-TFS-Session: 64e38c52-ee11-4b34-a4b3-3f51f000077f
X-VSS-E2EID: 7f845a8f-cb56-4154-be87-2306609a244e
X-VSS-SenderDeploymentId: d624195d-30e0-1768-06a5-b10a7879c7db
X-TFS-ServiceError: The+user+%27System%3aPublicAccess%3baaaaaaaa-aaaa-aaaa-aaaa-aaaaaaaaaaaa%27+is+not+authorized+to+access+this+resource.
X-VSS-S2STargetService: 0000005A-0000-8888-8000-000000000000/visualstudio.com
X-MSEdge-Ref: Ref A: A55ED12122434594B52A12575971F637 Ref B: JNB02EDGE0212 Ref C: 2020-04-06T20:28:28Z
Date: Mon, 06 Apr 2020 20:28:28 GMT

[2020-04-06 20:28:30Z INFO RSAEncryptedFileKeyManager] Loading RSA key parameters from file K:\actions-runner\.credentials_rsaparams
[2020-04-06 20:28:32Z INFO GitHubActionsService] AAD Correlation ID for this token request: Unknown
[2020-04-06 20:28:32Z WARN GitHubActionsService] Retrieving an AAD auth token took a long time (2.1592527 seconds)
[2020-04-06 20:33:35Z INFO MessageListener] No message retrieved from session 'a8d9ad7f-fbed-4c27-9667-db0c79da1f46' within last 30 minutes.
[2020-04-06 20:52:57Z WARN GitHubActionsService] Attempt 1 of GET request to https://pipelines.actions.githubusercontent.com/QfYpb7nPf8spnSfY4CCt69Q1h5T0wKuROAEPd52S2dbp2Fk6xd/_apis/distributedtask/pools/1/messages?sessionId=a8d9ad7f-fbed-4c27-9667-db0c79da1f46 failed (HTTP Status: ServiceUnavailable, AFD Ref: Ref A: 59E3140643FE46D68946808C9F2F3E68 Ref B: JNB02EDGE0212 Ref C: 2020-04-06T20:52:55Z). The operation will be retried in 11.108 seconds.
[2020-04-06 21:04:05Z INFO MessageListener] No message retrieved from session 'a8d9ad7f-fbed-4c27-9667-db0c79da1f46' within last 30 minutes.
[2020-04-06 21:24:17Z WARN GitHubActionsService] Authentication failed with status code 401.
WWW-Authenticate: Bearer
Strict-Transport-Security: max-age=2592000
X-TFS-ProcessId: c69d66be-af11-461d-a7ee-e81396d39382
ActivityId: 6586a235-f093-44a5-9ee1-04110a9d403a
X-TFS-Session: 64e38c52-ee11-4b34-a4b3-3f51f000077f
X-VSS-E2EID: 2fe721bf-4b3d-4ccf-a8fe-71593d8a3981
X-VSS-SenderDeploymentId: d624195d-30e0-1768-06a5-b10a7879c7db
X-TFS-ServiceError: The+user+%27System%3aPublicAccess%3baaaaaaaa-aaaa-aaaa-aaaa-aaaaaaaaaaaa%27+is+not+authorized+to+access+this+resource.
X-VSS-S2STargetService: 0000005A-0000-8888-8000-000000000000/visualstudio.com
X-MSEdge-Ref: Ref A: 0E99C65B47E8405F92F9578C9DE0A0C9 Ref B: JNB02EDGE0212 Ref C: 2020-04-06T21:24:15Z
Date: Mon, 06 Apr 2020 21:24:14 GMT

[2020-04-06 21:24:17Z INFO RSAEncryptedFileKeyManager] Loading RSA key parameters from file K:\actions-runner\.credentials_rsaparams
[2020-04-06 21:24:21Z INFO GitHubActionsService] AAD Correlation ID for this token request: Unknown
[2020-04-06 21:24:21Z WARN GitHubActionsService] Retrieving an AAD auth token took a long time (4.1091693 seconds)
[2020-04-06 21:34:27Z INFO MessageListener] No message retrieved from session 'a8d9ad7f-fbed-4c27-9667-db0c79da1f46' within last 30 minutes.
[2020-04-06 22:04:47Z INFO MessageListener] No message retrieved from session 'a8d9ad7f-fbed-4c27-9667-db0c79da1f46' within last 30 minutes.
[2020-04-06 22:19:58Z WARN GitHubActionsService] Authentication failed with status code 401.
WWW-Authenticate: Bearer
Strict-Transport-Security: max-age=2592000
X-TFS-ProcessId: 1a3a7267-320f-4e5f-a2f4-f723d4f6f768
ActivityId: 23d82bf1-955e-4850-90c4-775c3bd4a1b9
X-TFS-Session: 64e38c52-ee11-4b34-a4b3-3f51f000077f
X-VSS-E2EID: 7c29006b-729f-4006-a02d-b11d22b3177e
X-VSS-SenderDeploymentId: d624195d-30e0-1768-06a5-b10a7879c7db
X-TFS-ServiceError: The+user+%27System%3aPublicAccess%3baaaaaaaa-aaaa-aaaa-aaaa-aaaaaaaaaaaa%27+is+not+authorized+to+access+this+resource.
X-VSS-S2STargetService: 0000005A-0000-8888-8000-000000000000/visualstudio.com
X-MSEdge-Ref: Ref A: 095D949031B44911BC999CC334BC1E67 Ref B: JNB02EDGE0212 Ref C: 2020-04-06T22:19:56Z
Date: Mon, 06 Apr 2020 22:19:56 GMT

[2020-04-06 22:19:58Z INFO RSAEncryptedFileKeyManager] Loading RSA key parameters from file K:\actions-runner\.credentials_rsaparams
[2020-04-06 22:20:03Z INFO GitHubActionsService] AAD Correlation ID for this token request: Unknown
[2020-04-06 22:20:03Z WARN GitHubActionsService] Retrieving an AAD auth token took a long time (4.4353297 seconds)
[2020-04-06 22:35:12Z INFO MessageListener] No message retrieved from session 'a8d9ad7f-fbed-4c27-9667-db0c79da1f46' within last 30 minutes.
[2020-04-06 23:05:31Z INFO MessageListener] No message retrieved from session 'a8d9ad7f-fbed-4c27-9667-db0c79da1f46' within last 30 minutes.
[2020-04-06 23:15:39Z WARN GitHubActionsService] Authentication failed with status code 401.
WWW-Authenticate: Bearer
Strict-Transport-Security: max-age=2592000
X-TFS-ProcessId: 20dac9b6-9f27-48c7-9dd6-58e2d96d0d85
ActivityId: 7108b447-48eb-4ab2-bcb9-cb9f536bd9bd
X-TFS-Session: 64e38c52-ee11-4b34-a4b3-3f51f000077f
X-VSS-E2EID: 174bb7dc-0fa9-4909-a76a-ee4bbc7feafd
X-VSS-SenderDeploymentId: d624195d-30e0-1768-06a5-b10a7879c7db
X-TFS-ServiceError: The+user+%27System%3aPublicAccess%3baaaaaaaa-aaaa-aaaa-aaaa-aaaaaaaaaaaa%27+is+not+authorized+to+access+this+resource.
X-VSS-S2STargetService: 0000005A-0000-8888-8000-000000000000/visualstudio.com
X-MSEdge-Ref: Ref A: CC6A0574B4414E04AB0357C94070E68F Ref B: JNB02EDGE0212 Ref C: 2020-04-06T23:15:37Z
Date: Mon, 06 Apr 2020 23:15:36 GMT

[2020-04-06 23:15:39Z INFO RSAEncryptedFileKeyManager] Loading RSA key parameters from file K:\actions-runner\.credentials_rsaparams
[2020-04-06 23:15:48Z INFO GitHubActionsService] AAD Correlation ID for this token request: Unknown
[2020-04-06 23:15:48Z WARN GitHubActionsService] Retrieving an AAD auth token took a long time (9.0366807 seconds)
[2020-04-06 23:36:00Z INFO MessageListener] No message retrieved from session 'a8d9ad7f-fbed-4c27-9667-db0c79da1f46' within last 30 minutes.
[2020-04-07 00:06:21Z INFO MessageListener] No message retrieved from session 'a8d9ad7f-fbed-4c27-9667-db0c79da1f46' within last 30 minutes.
[2020-04-07 00:11:25Z WARN GitHubActionsService] Authentication failed with status code 401.
Transfer-Encoding: chunked
WWW-Authenticate: Bearer
Strict-Transport-Security: max-age=2592000
X-TFS-ProcessId: 1a3a7267-320f-4e5f-a2f4-f723d4f6f768
ActivityId: 23c08c59-955e-4850-90c4-775c3bd4a1b9
X-TFS-Session: 64e38c52-ee11-4b34-a4b3-3f51f000077f
X-VSS-E2EID: f9a56b66-c7b3-447e-9cc6-0f1ac01dd81a
X-VSS-SenderDeploymentId: d624195d-30e0-1768-06a5-b10a7879c7db
X-TFS-ServiceError: The+user+%27System%3aPublicAccess%3baaaaaaaa-aaaa-aaaa-aaaa-aaaaaaaaaaaa%27+is+not+authorized+to+access+this+resource.
X-VSS-S2STargetService: 0000005A-0000-8888-8000-000000000000/visualstudio.com
X-MSEdge-Ref: Ref A: 586C139DF8324DB0A4A064C121C1806B Ref B: JNB02EDGE0212 Ref C: 2020-04-07T00:11:23Z
Date: Tue, 07 Apr 2020 00:11:23 GMT

[2020-04-07 00:11:25Z INFO RSAEncryptedFileKeyManager] Loading RSA key parameters from file K:\actions-runner\.credentials_rsaparams
[2020-04-07 00:11:27Z INFO GitHubActionsService] AAD Correlation ID for this token request: Unknown
[2020-04-07 00:36:43Z INFO MessageListener] No message retrieved from session 'a8d9ad7f-fbed-4c27-9667-db0c79da1f46' within last 30 minutes.
[2020-04-07 01:07:03Z INFO MessageListener] No message retrieved from session 'a8d9ad7f-fbed-4c27-9667-db0c79da1f46' within last 30 minutes.
[2020-04-07 01:07:03Z WARN GitHubActionsService] Authentication failed with status code 401.
WWW-Authenticate: Bearer
Strict-Transport-Security: max-age=2592000
X-TFS-ProcessId: 20dac9b6-9f27-48c7-9dd6-58e2d96d0d85
ActivityId: 716637ff-48eb-4ab2-bcb9-cb9f536bd9bd
X-TFS-Session: 64e38c52-ee11-4b34-a4b3-3f51f000077f
X-VSS-E2EID: f2eb1bb4-d3d0-40ad-aa69-6f76b4175cc4
X-VSS-SenderDeploymentId: d624195d-30e0-1768-06a5-b10a7879c7db
X-TFS-ServiceError: The+user+%27System%3aPublicAccess%3baaaaaaaa-aaaa-aaaa-aaaa-aaaaaaaaaaaa%27+is+not+authorized+to+access+this+resource.
X-VSS-S2STargetService: 0000005A-0000-8888-8000-000000000000/visualstudio.com
X-MSEdge-Ref: Ref A: 5ACFE1372A4043FEA39C0736461043BC Ref B: JNB02EDGE0212 Ref C: 2020-04-07T01:07:01Z
Date: Tue, 07 Apr 2020 01:07:01 GMT

[2020-04-07 01:07:03Z INFO RSAEncryptedFileKeyManager] Loading RSA key parameters from file K:\actions-runner\.credentials_rsaparams
[2020-04-07 01:07:06Z INFO GitHubActionsService] AAD Correlation ID for this token request: Unknown
[2020-04-07 01:07:06Z WARN GitHubActionsService] Retrieving an AAD auth token took a long time (2.721156 seconds)
[2020-04-07 01:37:25Z INFO MessageListener] No message retrieved from session 'a8d9ad7f-fbed-4c27-9667-db0c79da1f46' within last 30 minutes.
[2020-04-07 02:02:41Z WARN GitHubActionsService] Authentication failed with status code 401.
WWW-Authenticate: Bearer
Strict-Transport-Security: max-age=2592000
X-TFS-ProcessId: a4bb346e-3716-4fb2-b113-0f99a6db3c2d
ActivityId: 7c346854-892a-488c-a19f-c9cdb5943b6a
X-TFS-Session: 64e38c52-ee11-4b34-a4b3-3f51f000077f
X-VSS-E2EID: ea092efc-2fdb-48ff-acb5-81d7c85754d3
X-VSS-SenderDeploymentId: d624195d-30e0-1768-06a5-b10a7879c7db
X-TFS-ServiceError: The+user+%27System%3aPublicAccess%3baaaaaaaa-aaaa-aaaa-aaaa-aaaaaaaaaaaa%27+is+not+authorized+to+access+this+resource.
X-VSS-S2STargetService: 0000005A-0000-8888-8000-000000000000/visualstudio.com
X-MSEdge-Ref: Ref A: D603E8E453F348DDA5F0D2AB0591AFEF Ref B: JNB02EDGE0212 Ref C: 2020-04-07T02:02:39Z
Date: Tue, 07 Apr 2020 02:02:38 GMT

[2020-04-07 02:02:41Z INFO RSAEncryptedFileKeyManager] Loading RSA key parameters from file K:\actions-runner\.credentials_rsaparams
[2020-04-07 02:02:43Z INFO GitHubActionsService] AAD Correlation ID for this token request: Unknown
[2020-04-07 02:07:47Z INFO MessageListener] No message retrieved from session 'a8d9ad7f-fbed-4c27-9667-db0c79da1f46' within last 30 minutes.
[2020-04-07 02:38:05Z INFO MessageListener] No message retrieved from session 'a8d9ad7f-fbed-4c27-9667-db0c79da1f46' within last 30 minutes.
[2020-04-07 02:38:56Z WARN GitHubActionsService] Attempt 1 of GET request to https://pipelines.actions.githubusercontent.com/QfYpb7nPf8spnSfY4CCt69Q1h5T0wKuROAEPd52S2dbp2Fk6xd/_apis/distributedtask/pools/1/messages?sessionId=a8d9ad7f-fbed-4c27-9667-db0c79da1f46 failed (HTTP Status: ServiceUnavailable, AFD Ref: Ref A: F4005D42B8A04A829BF0A42BD09640D5 Ref B: JNB02EDGE0212 Ref C: 2020-04-07T02:38:53Z). The operation will be retried in 11.133 seconds.
[2020-04-07 02:58:33Z WARN GitHubActionsService] Authentication failed with status code 401.
WWW-Authenticate: Bearer
Strict-Transport-Security: max-age=2592000
X-TFS-ProcessId: a4bb346e-3716-4fb2-b113-0f99a6db3c2d
ActivityId: 7c22a0e4-892a-488c-a19f-c9cdb5943b6a
X-TFS-Session: 64e38c52-ee11-4b34-a4b3-3f51f000077f
X-VSS-E2EID: 39cd3b89-6391-4548-9f32-c4f4fa8bd911
X-VSS-SenderDeploymentId: d624195d-30e0-1768-06a5-b10a7879c7db
X-TFS-ServiceError: The+user+%27System%3aPublicAccess%3baaaaaaaa-aaaa-aaaa-aaaa-aaaaaaaaaaaa%27+is+not+authorized+to+access+this+resource.
X-VSS-S2STargetService: 0000005A-0000-8888-8000-000000000000/visualstudio.com
X-MSEdge-Ref: Ref A: 484BE90CB70943F49668F11EF0AC2C19 Ref B: JNB02EDGE0212 Ref C: 2020-04-07T02:58:27Z
Date: Tue, 07 Apr 2020 02:58:27 GMT

[2020-04-07 02:58:33Z INFO RSAEncryptedFileKeyManager] Loading RSA key parameters from file K:\actions-runner\.credentials_rsaparams
[2020-04-07 02:58:34Z INFO GitHubActionsService] AAD Correlation ID for this token request: Unknown
[2020-04-07 03:08:40Z INFO MessageListener] No message retrieved from session 'a8d9ad7f-fbed-4c27-9667-db0c79da1f46' within last 30 minutes.
[2020-04-07 03:39:00Z INFO MessageListener] No message retrieved from session 'a8d9ad7f-fbed-4c27-9667-db0c79da1f46' within last 30 minutes.
[2020-04-07 03:48:51Z INFO HostContext] Runner will be shutdown for UserCancelled
[2020-04-07 03:48:51Z WARN GitHubActionsService] GET request to https://pipelines.actions.githubusercontent.com/QfYpb7nPf8spnSfY4CCt69Q1h5T0wKuROAEPd52S2dbp2Fk6xd/_apis/distributedtask/pools/1/messages?sessionId=a8d9ad7f-fbed-4c27-9667-db0c79da1f46 has been cancelled.
[2020-04-07 03:48:51Z INFO MessageListener] Get next message has been cancelled.
[2020-04-07 03:48:51Z INFO JobDispatcher] Shutting down JobDispatcher. Make sure all WorkerDispatcher has finished.
[2020-04-07 03:48:53Z INFO Listener] Runner execution been cancelled.
