[2020-04-06 02:38:05Z INFO HostContext] No proxy settings were found based on environmental variables (http_proxy/https_proxy/HTTP_PROXY/HTTPS_PROXY)
[2020-04-06 02:38:06Z INFO Listener] Runner is built for Windows (X64) - win-x64.
[2020-04-06 02:38:06Z INFO Listener] RuntimeInformation: Microsoft Windows 10.0.19041.
[2020-04-06 02:38:06Z INFO Listener] Version: 2.165.2
[2020-04-06 02:38:06Z INFO Listener] Commit: fcf795d86d880b9f0bd10f9713d29cb9784ecef5
[2020-04-06 02:38:06Z INFO Listener] Culture: en-GB
[2020-04-06 02:38:06Z INFO Listener] UI Culture: en-US
[2020-04-06 02:38:06Z INFO HostContext] Well known directory 'Bin': 'K:\actions-runner\bin'
[2020-04-06 02:38:06Z INFO HostContext] Well known directory 'Root': 'K:\actions-runner'
[2020-04-06 02:38:06Z INFO Listener] Validating directory permissions for: 'K:\actions-runner'
[2020-04-06 02:38:06Z INFO CommandLineParser] Parse
[2020-04-06 02:38:06Z INFO CommandLineParser] Parsing 1 args
[2020-04-06 02:38:06Z INFO CommandLineParser] parsing argument
[2020-04-06 02:38:06Z INFO CommandLineParser] HasArgs: False
[2020-04-06 02:38:06Z INFO CommandLineParser] Adding Command: run
[2020-04-06 02:38:06Z INFO Listener] Arguments parsed
[2020-04-06 02:38:06Z INFO Runner] ExecuteCommand
[2020-04-06 02:38:06Z INFO ConfigurationStore] currentAssemblyLocation: K:\actions-runner\bin\Runner.Listener.dll
[2020-04-06 02:38:06Z INFO HostContext] Well known directory 'Bin': 'K:\actions-runner\bin'
[2020-04-06 02:38:06Z INFO ConfigurationStore] binPath: K:\actions-runner\bin
[2020-04-06 02:38:06Z INFO HostContext] Well known directory 'Bin': 'K:\actions-runner\bin'
[2020-04-06 02:38:06Z INFO HostContext] Well known directory 'Root': 'K:\actions-runner'
[2020-04-06 02:38:06Z INFO ConfigurationStore] RootFolder: K:\actions-runner
[2020-04-06 02:38:06Z INFO HostContext] Well known directory 'Bin': 'K:\actions-runner\bin'
[2020-04-06 02:38:06Z INFO HostContext] Well known directory 'Root': 'K:\actions-runner'
[2020-04-06 02:38:06Z INFO HostContext] Well known config file 'Runner': 'K:\actions-runner\.runner'
[2020-04-06 02:38:06Z INFO ConfigurationStore] ConfigFilePath: K:\actions-runner\.runner
[2020-04-06 02:38:06Z INFO HostContext] Well known directory 'Bin': 'K:\actions-runner\bin'
[2020-04-06 02:38:06Z INFO HostContext] Well known directory 'Root': 'K:\actions-runner'
[2020-04-06 02:38:06Z INFO HostContext] Well known config file 'Credentials': 'K:\actions-runner\.credentials'
[2020-04-06 02:38:06Z INFO ConfigurationStore] CredFilePath: K:\actions-runner\.credentials
[2020-04-06 02:38:06Z INFO HostContext] Well known directory 'Bin': 'K:\actions-runner\bin'
[2020-04-06 02:38:06Z INFO HostContext] Well known directory 'Root': 'K:\actions-runner'
[2020-04-06 02:38:06Z INFO HostContext] Well known config file 'Service': 'K:\actions-runner\.service'
[2020-04-06 02:38:06Z INFO ConfigurationStore] ServiceConfigFilePath: K:\actions-runner\.service
[2020-04-06 02:38:06Z INFO CommandSettings] Flag 'help': 'False'
[2020-04-06 02:38:06Z INFO CommandSettings] Flag 'version': 'False'
[2020-04-06 02:38:06Z INFO CommandSettings] Flag 'commit': 'False'
[2020-04-06 02:38:06Z INFO CommandSettings] Command 'configure': 'False'
[2020-04-06 02:38:06Z INFO CommandSettings] Command 'remove': 'False'
[2020-04-06 02:38:06Z INFO CommandSettings] Command 'warmup': 'False'
[2020-04-06 02:38:06Z INFO ConfigurationManager] LoadSettings
[2020-04-06 02:38:06Z INFO ConfigurationStore] IsConfigured()
[2020-04-06 02:38:06Z INFO ConfigurationStore] IsConfigured: True
[2020-04-06 02:38:06Z INFO ConfigurationManager] Is configured: True
[2020-04-06 02:38:06Z INFO ConfigurationStore] Read setting file: 295 chars
[2020-04-06 02:38:07Z INFO ConfigurationManager] Settings Loaded
[2020-04-06 02:38:07Z INFO ConfigurationStore] IsServiceConfigured()
[2020-04-06 02:38:07Z INFO ConfigurationStore] IsServiceConfigured: False
[2020-04-06 02:38:07Z INFO CommandSettings] Command 'run': 'True'
[2020-04-06 02:38:07Z INFO ConfigurationStore] IsConfigured()
[2020-04-06 02:38:07Z INFO ConfigurationStore] IsConfigured: True
[2020-04-06 02:38:07Z INFO ConfigurationManager] Is configured: True
[2020-04-06 02:38:07Z INFO Runner] Could not parse the argument value '' for StartupType. Defaulting to Manual
[2020-04-06 02:38:07Z INFO Runner] Set runner startup type - Manual
[2020-04-06 02:38:07Z INFO CommandSettings] Flag 'once': 'False'
[2020-04-06 02:38:07Z INFO Runner] RunAsync
[2020-04-06 02:38:07Z INFO ConfigurationManager] LoadSettings
[2020-04-06 02:38:07Z INFO ConfigurationStore] IsConfigured()
[2020-04-06 02:38:07Z INFO ConfigurationStore] IsConfigured: True
[2020-04-06 02:38:07Z INFO ConfigurationManager] Is configured: True
[2020-04-06 02:38:07Z INFO ConfigurationManager] Settings Loaded
[2020-04-06 02:38:07Z INFO MessageListener] {
  "AgentId": 2,
  "AgentName": "SERVER",
  "PoolId": 1,
  "PoolName": "Default",
  "ServerUrl": "https://pipelines.actions.githubusercontent.com/QfYpb7nPf8spnSfY4CCt69Q1h5T0wKuROAEPd52S2dbp2Fk6xd/",
  "GitHubUrl": "https://github.com/CIRCERO/local.repo",
  "WorkFolder": "local.repo"
}
[2020-04-06 02:38:07Z INFO MessageListener] Loading Credentials
[2020-04-06 02:38:07Z INFO ConfigurationStore] HasCredentials()
[2020-04-06 02:38:07Z INFO ConfigurationStore] stored True
[2020-04-06 02:38:07Z INFO CredentialManager] GetCredentialProvider
[2020-04-06 02:38:07Z INFO CredentialManager] Creating type OAuth
[2020-04-06 02:38:07Z INFO CredentialManager] Creating credential type: OAuth
[2020-04-06 02:38:07Z INFO HostContext] Well known directory 'Bin': 'K:\actions-runner\bin'
[2020-04-06 02:38:07Z INFO HostContext] Well known directory 'Root': 'K:\actions-runner'
[2020-04-06 02:38:07Z INFO HostContext] Well known config file 'RSACredentials': 'K:\actions-runner\.credentials_rsaparams'
[2020-04-06 02:38:07Z INFO RSAEncryptedFileKeyManager] Loading RSA key parameters from file K:\actions-runner\.credentials_rsaparams
[2020-04-06 02:38:07Z INFO MessageListener] Attempt to create session.
[2020-04-06 02:38:07Z INFO MessageListener] Connecting to the Runner Server...
[2020-04-06 02:38:07Z INFO RunnerServer] Establish connection with 100 seconds timeout.
[2020-04-06 02:38:08Z INFO GitHubActionsService] Starting operation Location.GetConnectionData
[2020-04-06 02:38:08Z INFO RunnerServer] Establish connection with 60 seconds timeout.
[2020-04-06 02:38:08Z INFO GitHubActionsService] Starting operation Location.GetConnectionData
[2020-04-06 02:38:08Z INFO RunnerServer] Establish connection with 60 seconds timeout.
[2020-04-06 02:38:08Z INFO GitHubActionsService] Starting operation Location.GetConnectionData
[2020-04-06 02:38:12Z INFO GitHubActionsService] Finished operation Location.GetConnectionData
[2020-04-06 02:38:12Z INFO GitHubActionsService] Finished operation Location.GetConnectionData
[2020-04-06 02:38:12Z INFO GitHubActionsService] Finished operation Location.GetConnectionData
[2020-04-06 02:38:12Z INFO MessageListener] VssConnection created
[2020-04-06 02:38:12Z INFO Terminal] WRITE LINE: 
[2020-04-06 02:38:12Z INFO Terminal] WRITE LINE: 
[2020-04-06 02:38:12Z WARN GitHubActionsService] Authentication failed with status code 401.
WWW-Authenticate: Bearer
Strict-Transport-Security: max-age=2592000
X-TFS-ProcessId: 20dac9b6-9f27-48c7-9dd6-58e2d96d0d85
ActivityId: 763986d2-48eb-4ab2-bcb9-cb9f536bd9bd
X-TFS-Session: 5aafa16a-1eab-4718-9507-6e7482232e3f
X-VSS-E2EID: 0e4cf354-43ea-4e31-b721-4b8f8813a062
X-VSS-SenderDeploymentId: d624195d-30e0-1768-06a5-b10a7879c7db
X-TFS-ServiceError: The+user+%27System%3aPublicAccess%3baaaaaaaa-aaaa-aaaa-aaaa-aaaaaaaaaaaa%27+is+not+authorized+to+access+this+resource.
X-VSS-S2STargetService: 0000005A-0000-8888-8000-000000000000/visualstudio.com
X-MSEdge-Ref: Ref A: 1D1F22F161A64CEEA19A26E1E0146C58 Ref B: JNB02EDGE0217 Ref C: 2020-04-06T02:38:11Z
Date: Mon, 06 Apr 2020 02:38:10 GMT

[2020-04-06 02:38:12Z INFO RSAEncryptedFileKeyManager] Loading RSA key parameters from file K:\actions-runner\.credentials_rsaparams
[2020-04-06 02:38:12Z INFO RSAEncryptedFileKeyManager] Loading RSA key parameters from file K:\actions-runner\.credentials_rsaparams
[2020-04-06 02:38:14Z INFO GitHubActionsService] AAD Correlation ID for this token request: Unknown
[2020-04-06 02:38:15Z INFO MessageListener] Session created.
[2020-04-06 02:38:15Z INFO Terminal] WRITE LINE: 2020-04-06 02:38:15Z: Listening for Jobs
[2020-04-06 02:38:15Z INFO JobDispatcher] Set runner/worker IPC timeout to 30 seconds.
[2020-04-06 03:08:34Z INFO MessageListener] No message retrieved from session 'eaa85c5e-171d-4a63-af55-f702300ecd80' within last 30 minutes.
[2020-04-06 03:33:51Z WARN GitHubActionsService] Authentication failed with status code 401.
WWW-Authenticate: Bearer
Strict-Transport-Security: max-age=2592000
X-TFS-ProcessId: 1a3a7267-320f-4e5f-a2f4-f723d4f6f768
ActivityId: 24dea440-955e-4850-90c4-775c3bd4a1b9
X-TFS-Session: 5aafa16a-1eab-4718-9507-6e7482232e3f
X-VSS-E2EID: 294a2c8c-601c-406d-a924-4c582e9afe04
X-VSS-SenderDeploymentId: d624195d-30e0-1768-06a5-b10a7879c7db
X-TFS-ServiceError: The+user+%27System%3aPublicAccess%3baaaaaaaa-aaaa-aaaa-aaaa-aaaaaaaaaaaa%27+is+not+authorized+to+access+this+resource.
X-VSS-S2STargetService: 0000005A-0000-8888-8000-000000000000/visualstudio.com
X-MSEdge-Ref: Ref A: 20844B2636704A4CA30FE3629739A891 Ref B: JNB02EDGE0217 Ref C: 2020-04-06T03:33:49Z
Date: Mon, 06 Apr 2020 03:33:49 GMT

[2020-04-06 03:33:51Z INFO RSAEncryptedFileKeyManager] Loading RSA key parameters from file K:\actions-runner\.credentials_rsaparams
[2020-04-06 03:33:53Z INFO GitHubActionsService] AAD Correlation ID for this token request: Unknown
[2020-04-06 03:38:55Z INFO MessageListener] No message retrieved from session 'eaa85c5e-171d-4a63-af55-f702300ecd80' within last 30 minutes.
[2020-04-06 04:09:14Z INFO MessageListener] No message retrieved from session 'eaa85c5e-171d-4a63-af55-f702300ecd80' within last 30 minutes.
[2020-04-06 04:29:27Z WARN GitHubActionsService] Authentication failed with status code 401.
WWW-Authenticate: Bearer
Strict-Transport-Security: max-age=2592000
X-TFS-ProcessId: a4bb346e-3716-4fb2-b113-0f99a6db3c2d
ActivityId: 7b50dc30-892a-488c-a19f-c9cdb5943b6a
X-TFS-Session: 5aafa16a-1eab-4718-9507-6e7482232e3f
X-VSS-E2EID: 15580961-0fe4-47d6-9759-131f2a1b09e5
X-VSS-SenderDeploymentId: d624195d-30e0-1768-06a5-b10a7879c7db
X-TFS-ServiceError: The+user+%27System%3aPublicAccess%3baaaaaaaa-aaaa-aaaa-aaaa-aaaaaaaaaaaa%27+is+not+authorized+to+access+this+resource.
X-VSS-S2STargetService: 0000005A-0000-8888-8000-000000000000/visualstudio.com
X-MSEdge-Ref: Ref A: C008299E63DB4995A92808F0C104F00F Ref B: JNB02EDGE0217 Ref C: 2020-04-06T04:29:25Z
Date: Mon, 06 Apr 2020 04:29:24 GMT

[2020-04-06 04:29:27Z INFO RSAEncryptedFileKeyManager] Loading RSA key parameters from file K:\actions-runner\.credentials_rsaparams
[2020-04-06 04:29:29Z INFO GitHubActionsService] AAD Correlation ID for this token request: Unknown
[2020-04-06 04:39:35Z INFO MessageListener] No message retrieved from session 'eaa85c5e-171d-4a63-af55-f702300ecd80' within last 30 minutes.
[2020-04-06 05:09:55Z INFO MessageListener] No message retrieved from session 'eaa85c5e-171d-4a63-af55-f702300ecd80' within last 30 minutes.
[2020-04-06 05:25:05Z WARN GitHubActionsService] Authentication failed with status code 401.
WWW-Authenticate: Bearer
Strict-Transport-Security: max-age=2592000
X-TFS-ProcessId: 1a3a7267-320f-4e5f-a2f4-f723d4f6f768
ActivityId: 24ce3a2c-955e-4850-90c4-775c3bd4a1b9
X-TFS-Session: 5aafa16a-1eab-4718-9507-6e7482232e3f
X-VSS-E2EID: 0cd3aff3-3757-4e4f-90ef-33f9e5ebcf52
X-VSS-SenderDeploymentId: d624195d-30e0-1768-06a5-b10a7879c7db
X-TFS-ServiceError: The+user+%27System%3aPublicAccess%3baaaaaaaa-aaaa-aaaa-aaaa-aaaaaaaaaaaa%27+is+not+authorized+to+access+this+resource.
X-VSS-S2STargetService: 0000005A-0000-8888-8000-000000000000/visualstudio.com
X-MSEdge-Ref: Ref A: E1A32D66DBD2483E80C7096C0251FAE4 Ref B: JNB02EDGE0217 Ref C: 2020-04-06T05:25:03Z
Date: Mon, 06 Apr 2020 05:25:03 GMT

[2020-04-06 05:25:05Z INFO RSAEncryptedFileKeyManager] Loading RSA key parameters from file K:\actions-runner\.credentials_rsaparams
[2020-04-06 05:25:07Z INFO GitHubActionsService] AAD Correlation ID for this token request: Unknown
[2020-04-06 05:25:58Z WARN GitHubActionsService] Attempt 1 of GET request to https://pipelines.actions.githubusercontent.com/QfYpb7nPf8spnSfY4CCt69Q1h5T0wKuROAEPd52S2dbp2Fk6xd/_apis/distributedtask/pools/1/messages?sessionId=eaa85c5e-171d-4a63-af55-f702300ecd80 failed (HTTP Status: ServiceUnavailable, AFD Ref: Ref A: CFA8C34E7E2640ADBCC1F9A0C5107028 Ref B: JNB02EDGE0217 Ref C: 2020-04-06T05:25:56Z). The operation will be retried in 10.967 seconds.
[2020-04-06 05:40:29Z INFO MessageListener] No message retrieved from session 'eaa85c5e-171d-4a63-af55-f702300ecd80' within last 30 minutes.
[2020-04-06 06:10:48Z INFO MessageListener] No message retrieved from session 'eaa85c5e-171d-4a63-af55-f702300ecd80' within last 30 minutes.
[2020-04-06 06:20:56Z WARN GitHubActionsService] Authentication failed with status code 401.
WWW-Authenticate: Bearer
Strict-Transport-Security: max-age=2592000
X-TFS-ProcessId: a4bb346e-3716-4fb2-b113-0f99a6db3c2d
ActivityId: 7b46aa1a-892a-488c-a19f-c9cdb5943b6a
X-TFS-Session: 5aafa16a-1eab-4718-9507-6e7482232e3f
X-VSS-E2EID: 10cf5b13-a4aa-47f5-8bff-7f1e8a7a6be1
X-VSS-SenderDeploymentId: d624195d-30e0-1768-06a5-b10a7879c7db
X-TFS-ServiceError: The+user+%27System%3aPublicAccess%3baaaaaaaa-aaaa-aaaa-aaaa-aaaaaaaaaaaa%27+is+not+authorized+to+access+this+resource.
X-VSS-S2STargetService: 0000005A-0000-8888-8000-000000000000/visualstudio.com
X-MSEdge-Ref: Ref A: 0E77817CE674428EA0A82B1C059604AD Ref B: JNB02EDGE0217 Ref C: 2020-04-06T06:20:54Z
Date: Mon, 06 Apr 2020 06:20:53 GMT

[2020-04-06 06:20:56Z INFO RSAEncryptedFileKeyManager] Loading RSA key parameters from file K:\actions-runner\.credentials_rsaparams
[2020-04-06 06:20:57Z INFO GitHubActionsService] AAD Correlation ID for this token request: Unknown
[2020-04-06 06:41:09Z INFO MessageListener] No message retrieved from session 'eaa85c5e-171d-4a63-af55-f702300ecd80' within last 30 minutes.
[2020-04-06 07:11:28Z INFO MessageListener] No message retrieved from session 'eaa85c5e-171d-4a63-af55-f702300ecd80' within last 30 minutes.
[2020-04-06 07:16:31Z WARN GitHubActionsService] Authentication failed with status code 401.
WWW-Authenticate: Bearer
Strict-Transport-Security: max-age=2592000
X-TFS-ProcessId: c69d66be-af11-461d-a7ee-e81396d39382
ActivityId: 62d21d1b-f093-44a5-9ee1-04110a9d403a
X-TFS-Session: 5aafa16a-1eab-4718-9507-6e7482232e3f
X-VSS-E2EID: 41108ff0-43f8-45fc-a1a0-8a360eefd122
X-VSS-SenderDeploymentId: d624195d-30e0-1768-06a5-b10a7879c7db
X-TFS-ServiceError: The+user+%27System%3aPublicAccess%3baaaaaaaa-aaaa-aaaa-aaaa-aaaaaaaaaaaa%27+is+not+authorized+to+access+this+resource.
X-VSS-S2STargetService: 0000005A-0000-8888-8000-000000000000/visualstudio.com
X-MSEdge-Ref: Ref A: 3F6B7C5F1DCE4A5DB3C6D518E6526F8C Ref B: JNB02EDGE0217 Ref C: 2020-04-06T07:16:29Z
Date: Mon, 06 Apr 2020 07:16:29 GMT

[2020-04-06 07:16:31Z INFO RSAEncryptedFileKeyManager] Loading RSA key parameters from file K:\actions-runner\.credentials_rsaparams
[2020-04-06 07:16:33Z INFO GitHubActionsService] AAD Correlation ID for this token request: Unknown
[2020-04-06 07:41:48Z INFO MessageListener] No message retrieved from session 'eaa85c5e-171d-4a63-af55-f702300ecd80' within last 30 minutes.
[2020-04-06 08:12:07Z INFO MessageListener] No message retrieved from session 'eaa85c5e-171d-4a63-af55-f702300ecd80' within last 30 minutes.
[2020-04-06 08:12:07Z WARN GitHubActionsService] Authentication failed with status code 401.
WWW-Authenticate: Bearer
Strict-Transport-Security: max-age=2592000
X-TFS-ProcessId: 1a3a7267-320f-4e5f-a2f4-f723d4f6f768
ActivityId: 24ac9617-955e-4850-90c4-775c3bd4a1b9
X-TFS-Session: 5aafa16a-1eab-4718-9507-6e7482232e3f
X-VSS-E2EID: ad5fd135-2437-44af-a854-1929ede873b6
X-VSS-SenderDeploymentId: d624195d-30e0-1768-06a5-b10a7879c7db
X-TFS-ServiceError: The+user+%27System%3aPublicAccess%3baaaaaaaa-aaaa-aaaa-aaaa-aaaaaaaaaaaa%27+is+not+authorized+to+access+this+resource.
X-VSS-S2STargetService: 0000005A-0000-8888-8000-000000000000/visualstudio.com
X-MSEdge-Ref: Ref A: 2B660FFD5FA24569A552F3EA07F526BF Ref B: JNB02EDGE0217 Ref C: 2020-04-06T08:12:05Z
Date: Mon, 06 Apr 2020 08:12:05 GMT

[2020-04-06 08:12:07Z INFO RSAEncryptedFileKeyManager] Loading RSA key parameters from file K:\actions-runner\.credentials_rsaparams
[2020-04-06 08:12:09Z INFO GitHubActionsService] AAD Correlation ID for this token request: Unknown
[2020-04-06 08:42:35Z INFO MessageListener] No message retrieved from session 'eaa85c5e-171d-4a63-af55-f702300ecd80' within last 30 minutes.
[2020-04-06 09:07:55Z WARN GitHubActionsService] Authentication failed with status code 401.
WWW-Authenticate: Bearer
Strict-Transport-Security: max-age=2592000
X-TFS-ProcessId: 20dac9b6-9f27-48c7-9dd6-58e2d96d0d85
ActivityId: 76403994-48eb-4ab2-bcb9-cb9f536bd9bd
X-TFS-Session: 5aafa16a-1eab-4718-9507-6e7482232e3f
X-VSS-E2EID: 5a5d7d07-182f-4263-a70a-55aff702c9e1
X-VSS-SenderDeploymentId: d624195d-30e0-1768-06a5-b10a7879c7db
X-TFS-ServiceError: The+user+%27System%3aPublicAccess%3baaaaaaaa-aaaa-aaaa-aaaa-aaaaaaaaaaaa%27+is+not+authorized+to+access+this+resource.
X-VSS-S2STargetService: 0000005A-0000-8888-8000-000000000000/visualstudio.com
X-MSEdge-Ref: Ref A: D740340A22214FFCA91D08C1667AC29B Ref B: JNB02EDGE0217 Ref C: 2020-04-06T09:07:53Z
Date: Mon, 06 Apr 2020 09:07:53 GMT

[2020-04-06 09:07:55Z INFO RSAEncryptedFileKeyManager] Loading RSA key parameters from file K:\actions-runner\.credentials_rsaparams
[2020-04-06 09:07:57Z INFO GitHubActionsService] AAD Correlation ID for this token request: Unknown
[2020-04-06 09:13:00Z INFO MessageListener] No message retrieved from session 'eaa85c5e-171d-4a63-af55-f702300ecd80' within last 30 minutes.
[2020-04-06 09:43:17Z INFO MessageListener] No message retrieved from session 'eaa85c5e-171d-4a63-af55-f702300ecd80' within last 30 minutes.
[2020-04-06 10:03:30Z WARN GitHubActionsService] Authentication failed with status code 401.
WWW-Authenticate: Bearer
Strict-Transport-Security: max-age=2592000
X-TFS-ProcessId: a4bb346e-3716-4fb2-b113-0f99a6db3c2d
ActivityId: 7b0ace4a-892a-488c-a19f-c9cdb5943b6a
X-TFS-Session: 5aafa16a-1eab-4718-9507-6e7482232e3f
X-VSS-E2EID: bdec3aa1-3a3b-4e16-bbf1-92c1e5ca7b85
X-VSS-SenderDeploymentId: d624195d-30e0-1768-06a5-b10a7879c7db
X-TFS-ServiceError: The+user+%27System%3aPublicAccess%3baaaaaaaa-aaaa-aaaa-aaaa-aaaaaaaaaaaa%27+is+not+authorized+to+access+this+resource.
X-VSS-S2STargetService: 0000005A-0000-8888-8000-000000000000/visualstudio.com
X-MSEdge-Ref: Ref A: FF25BEC89B194B739D5406EAA0A15B6D Ref B: JNB02EDGE0217 Ref C: 2020-04-06T10:03:30Z
Date: Mon, 06 Apr 2020 10:03:30 GMT

[2020-04-06 10:03:30Z INFO RSAEncryptedFileKeyManager] Loading RSA key parameters from file K:\actions-runner\.credentials_rsaparams
[2020-04-06 10:03:32Z INFO GitHubActionsService] AAD Correlation ID for this token request: Unknown
[2020-04-06 10:13:38Z INFO MessageListener] No message retrieved from session 'eaa85c5e-171d-4a63-af55-f702300ecd80' within last 30 minutes.
[2020-04-06 10:44:01Z INFO MessageListener] No message retrieved from session 'eaa85c5e-171d-4a63-af55-f702300ecd80' within last 30 minutes.
[2020-04-06 10:59:12Z WARN GitHubActionsService] Authentication failed with status code 401.
Transfer-Encoding: chunked
WWW-Authenticate: Bearer
Strict-Transport-Security: max-age=2592000
X-TFS-ProcessId: 20dac9b6-9f27-48c7-9dd6-58e2d96d0d85
ActivityId: 765d6355-48eb-4ab2-bcb9-cb9f536bd9bd
X-TFS-Session: 5aafa16a-1eab-4718-9507-6e7482232e3f
X-VSS-E2EID: b35cf08a-1c43-4983-b58f-6ff66e75ef35
X-VSS-SenderDeploymentId: d624195d-30e0-1768-06a5-b10a7879c7db
X-TFS-ServiceError: The+user+%27System%3aPublicAccess%3baaaaaaaa-aaaa-aaaa-aaaa-aaaaaaaaaaaa%27+is+not+authorized+to+access+this+resource.
X-VSS-S2STargetService: 0000005A-0000-8888-8000-000000000000/visualstudio.com
X-MSEdge-Ref: Ref A: 8D311D784B6742C280ABC7252E2E8A64 Ref B: JNB02EDGE0217 Ref C: 2020-04-06T10:59:11Z
Date: Mon, 06 Apr 2020 10:59:12 GMT

[2020-04-06 10:59:12Z INFO RSAEncryptedFileKeyManager] Loading RSA key parameters from file K:\actions-runner\.credentials_rsaparams
[2020-04-06 10:59:16Z INFO GitHubActionsService] AAD Correlation ID for this token request: Unknown
[2020-04-06 10:59:16Z WARN GitHubActionsService] Retrieving an AAD auth token took a long time (4.1762385 seconds)
[2020-04-06 11:14:27Z INFO MessageListener] No message retrieved from session 'eaa85c5e-171d-4a63-af55-f702300ecd80' within last 30 minutes.
[2020-04-06 11:44:47Z INFO MessageListener] No message retrieved from session 'eaa85c5e-171d-4a63-af55-f702300ecd80' within last 30 minutes.
[2020-04-06 11:54:53Z WARN GitHubActionsService] Authentication failed with status code 401.
WWW-Authenticate: Bearer
Strict-Transport-Security: max-age=2592000
X-TFS-ProcessId: 20dac9b6-9f27-48c7-9dd6-58e2d96d0d85
ActivityId: 76a8e07f-48eb-4ab2-bcb9-cb9f536bd9bd
X-TFS-Session: 5aafa16a-1eab-4718-9507-6e7482232e3f
X-VSS-E2EID: c090872b-f050-4b1a-82a7-334bde5e34b7
X-VSS-SenderDeploymentId: d624195d-30e0-1768-06a5-b10a7879c7db
X-TFS-ServiceError: The+user+%27System%3aPublicAccess%3baaaaaaaa-aaaa-aaaa-aaaa-aaaaaaaaaaaa%27+is+not+authorized+to+access+this+resource.
X-VSS-S2STargetService: 0000005A-0000-8888-8000-000000000000/visualstudio.com
X-MSEdge-Ref: Ref A: 4679F18581BB41578B5204DFBE44433D Ref B: JNB02EDGE0217 Ref C: 2020-04-06T11:54:52Z
Date: Mon, 06 Apr 2020 11:54:52 GMT

[2020-04-06 11:54:53Z INFO RSAEncryptedFileKeyManager] Loading RSA key parameters from file K:\actions-runner\.credentials_rsaparams
[2020-04-06 11:54:54Z INFO GitHubActionsService] AAD Correlation ID for this token request: Unknown
[2020-04-06 12:15:09Z INFO MessageListener] No message retrieved from session 'eaa85c5e-171d-4a63-af55-f702300ecd80' within last 30 minutes.
[2020-04-06 12:45:29Z INFO MessageListener] No message retrieved from session 'eaa85c5e-171d-4a63-af55-f702300ecd80' within last 30 minutes.
[2020-04-06 12:50:32Z WARN GitHubActionsService] Authentication failed with status code 401.
WWW-Authenticate: Bearer
Strict-Transport-Security: max-age=2592000
X-TFS-ProcessId: a4bb346e-3716-4fb2-b113-0f99a6db3c2d
ActivityId: 7be1c724-892a-488c-a19f-c9cdb5943b6a
X-TFS-Session: 5aafa16a-1eab-4718-9507-6e7482232e3f
X-VSS-E2EID: c550c60a-8557-469e-9a46-3f5ffc8f58bc
X-VSS-SenderDeploymentId: d624195d-30e0-1768-06a5-b10a7879c7db
X-TFS-ServiceError: The+user+%27System%3aPublicAccess%3baaaaaaaa-aaaa-aaaa-aaaa-aaaaaaaaaaaa%27+is+not+authorized+to+access+this+resource.
X-VSS-S2STargetService: 0000005A-0000-8888-8000-000000000000/visualstudio.com
X-MSEdge-Ref: Ref A: 634AEDB4EED046A9BAE4C0D7C93F3D95 Ref B: JNB02EDGE0217 Ref C: 2020-04-06T12:50:31Z
Date: Mon, 06 Apr 2020 12:50:32 GMT

[2020-04-06 12:50:32Z INFO RSAEncryptedFileKeyManager] Loading RSA key parameters from file K:\actions-runner\.credentials_rsaparams
[2020-04-06 12:50:34Z INFO GitHubActionsService] AAD Correlation ID for this token request: Unknown
[2020-04-06 13:15:51Z INFO MessageListener] No message retrieved from session 'eaa85c5e-171d-4a63-af55-f702300ecd80' within last 30 minutes.
[2020-04-06 13:46:11Z INFO MessageListener] No message retrieved from session 'eaa85c5e-171d-4a63-af55-f702300ecd80' within last 30 minutes.
[2020-04-06 13:46:11Z WARN GitHubActionsService] Authentication failed with status code 401.
WWW-Authenticate: Bearer
Strict-Transport-Security: max-age=2592000
X-TFS-ProcessId: d78f3767-5a25-4ec9-a9bf-08a3bcdc7bae
ActivityId: 070319c4-e256-44ca-a79f-5cd7497adc08
X-TFS-Session: 5aafa16a-1eab-4718-9507-6e7482232e3f
X-VSS-E2EID: 9e3aea83-807e-4803-aa5c-7d7291efc94e
X-VSS-SenderDeploymentId: d624195d-30e0-1768-06a5-b10a7879c7db
X-TFS-ServiceError: The+user+%27System%3aPublicAccess%3baaaaaaaa-aaaa-aaaa-aaaa-aaaaaaaaaaaa%27+is+not+authorized+to+access+this+resource.
X-VSS-S2STargetService: 0000005A-0000-8888-8000-000000000000/visualstudio.com
X-MSEdge-Ref: Ref A: 5E1C3C44DF034A478FF25425521B5C78 Ref B: JNB02EDGE0217 Ref C: 2020-04-06T13:46:10Z
Date: Mon, 06 Apr 2020 13:46:10 GMT

[2020-04-06 13:46:11Z INFO RSAEncryptedFileKeyManager] Loading RSA key parameters from file K:\actions-runner\.credentials_rsaparams
[2020-04-06 13:46:13Z INFO GitHubActionsService] AAD Correlation ID for this token request: Unknown
[2020-04-06 14:16:31Z INFO MessageListener] No message retrieved from session 'eaa85c5e-171d-4a63-af55-f702300ecd80' within last 30 minutes.
[2020-04-06 14:41:48Z WARN GitHubActionsService] Authentication failed with status code 401.
WWW-Authenticate: Bearer
Strict-Transport-Security: max-age=2592000
X-TFS-ProcessId: a4bb346e-3716-4fb2-b113-0f99a6db3c2d
ActivityId: 7bcf334a-892a-488c-a19f-c9cdb5943b6a
X-TFS-Session: 5aafa16a-1eab-4718-9507-6e7482232e3f
X-VSS-E2EID: c86568b0-6fa2-4bcd-a9f0-ecde0bdd93c3
X-VSS-SenderDeploymentId: d624195d-30e0-1768-06a5-b10a7879c7db
X-TFS-ServiceError: The+user+%27System%3aPublicAccess%3baaaaaaaa-aaaa-aaaa-aaaa-aaaaaaaaaaaa%27+is+not+authorized+to+access+this+resource.
X-VSS-S2STargetService: 0000005A-0000-8888-8000-000000000000/visualstudio.com
X-MSEdge-Ref: Ref A: CA64AAC4C2D3445BB28BF0B27507FA48 Ref B: JNB02EDGE0217 Ref C: 2020-04-06T14:41:46Z
Date: Mon, 06 Apr 2020 14:41:47 GMT

[2020-04-06 14:41:48Z INFO RSAEncryptedFileKeyManager] Loading RSA key parameters from file K:\actions-runner\.credentials_rsaparams
[2020-04-06 14:41:49Z INFO GitHubActionsService] AAD Correlation ID for this token request: Unknown
[2020-04-06 14:46:51Z INFO MessageListener] No message retrieved from session 'eaa85c5e-171d-4a63-af55-f702300ecd80' within last 30 minutes.
[2020-04-06 15:17:10Z INFO MessageListener] No message retrieved from session 'eaa85c5e-171d-4a63-af55-f702300ecd80' within last 30 minutes.
[2020-04-06 15:37:25Z WARN GitHubActionsService] Authentication failed with status code 401.
WWW-Authenticate: Bearer
Strict-Transport-Security: max-age=2592000
X-TFS-ProcessId: c56eef11-e6f9-4b0b-8371-8358048cde76
ActivityId: fb7b84a3-5947-485f-9088-c9e23b9805eb
X-TFS-Session: 5aafa16a-1eab-4718-9507-6e7482232e3f
X-VSS-E2EID: c30274aa-12a8-49f6-b24c-f6fef0160438
X-VSS-SenderDeploymentId: d624195d-30e0-1768-06a5-b10a7879c7db
X-TFS-ServiceError: The+user+%27System%3aPublicAccess%3baaaaaaaa-aaaa-aaaa-aaaa-aaaaaaaaaaaa%27+is+not+authorized+to+access+this+resource.
X-VSS-S2STargetService: 0000005A-0000-8888-8000-000000000000/visualstudio.com
X-MSEdge-Ref: Ref A: B84F72477276451A874C81F8BF3B3C25 Ref B: JNB02EDGE0217 Ref C: 2020-04-06T15:37:24Z
Date: Mon, 06 Apr 2020 15:37:24 GMT

[2020-04-06 15:37:25Z INFO RSAEncryptedFileKeyManager] Loading RSA key parameters from file K:\actions-runner\.credentials_rsaparams
[2020-04-06 15:37:27Z INFO GitHubActionsService] AAD Correlation ID for this token request: Unknown
[2020-04-06 15:47:34Z INFO MessageListener] No message retrieved from session 'eaa85c5e-171d-4a63-af55-f702300ecd80' within last 30 minutes.
[2020-04-06 16:17:53Z INFO MessageListener] No message retrieved from session 'eaa85c5e-171d-4a63-af55-f702300ecd80' within last 30 minutes.
[2020-04-06 16:33:09Z WARN GitHubActionsService] Authentication failed with status code 401.
Transfer-Encoding: chunked
WWW-Authenticate: Bearer
Strict-Transport-Security: max-age=2592000
X-TFS-ProcessId: d78f3767-5a25-4ec9-a9bf-08a3bcdc7bae
ActivityId: 072f00d0-e256-44ca-a79f-5cd7497adc08
X-TFS-Session: 5aafa16a-1eab-4718-9507-6e7482232e3f
X-VSS-E2EID: 81cb01e6-185d-4c6d-b53e-4b3eac55bcf7
X-VSS-SenderDeploymentId: d624195d-30e0-1768-06a5-b10a7879c7db
X-TFS-ServiceError: The+user+%27System%3aPublicAccess%3baaaaaaaa-aaaa-aaaa-aaaa-aaaaaaaaaaaa%27+is+not+authorized+to+access+this+resource.
X-VSS-S2STargetService: 0000005A-0000-8888-8000-000000000000/visualstudio.com
X-MSEdge-Ref: Ref A: A99B2828F0764F7487121DF85879EB71 Ref B: JNB02EDGE0217 Ref C: 2020-04-06T16:33:07Z
Date: Mon, 06 Apr 2020 16:33:07 GMT

[2020-04-06 16:33:09Z INFO RSAEncryptedFileKeyManager] Loading RSA key parameters from file K:\actions-runner\.credentials_rsaparams
[2020-04-06 16:33:10Z INFO GitHubActionsService] AAD Correlation ID for this token request: Unknown
[2020-04-06 16:48:21Z INFO MessageListener] No message retrieved from session 'eaa85c5e-171d-4a63-af55-f702300ecd80' within last 30 minutes.
[2020-04-06 17:18:40Z INFO MessageListener] No message retrieved from session 'eaa85c5e-171d-4a63-af55-f702300ecd80' within last 30 minutes.
[2020-04-06 17:28:47Z WARN GitHubActionsService] Authentication failed with status code 401.
WWW-Authenticate: Bearer
Strict-Transport-Security: max-age=2592000
X-TFS-ProcessId: 20dac9b6-9f27-48c7-9dd6-58e2d96d0d85
ActivityId: 76fc6151-48eb-4ab2-bcb9-cb9f536bd9bd
X-TFS-Session: 5aafa16a-1eab-4718-9507-6e7482232e3f
X-VSS-E2EID: d139e48f-6f1a-4da3-8a97-3ea25417013d
X-VSS-SenderDeploymentId: d624195d-30e0-1768-06a5-b10a7879c7db
X-TFS-ServiceError: The+user+%27System%3aPublicAccess%3baaaaaaaa-aaaa-aaaa-aaaa-aaaaaaaaaaaa%27+is+not+authorized+to+access+this+resource.
X-VSS-S2STargetService: 0000005A-0000-8888-8000-000000000000/visualstudio.com
X-MSEdge-Ref: Ref A: 5E387D746015487D96681E39C9E589EF Ref B: JNB02EDGE0217 Ref C: 2020-04-06T17:28:45Z
Date: Mon, 06 Apr 2020 17:28:46 GMT

[2020-04-06 17:28:47Z INFO RSAEncryptedFileKeyManager] Loading RSA key parameters from file K:\actions-runner\.credentials_rsaparams
[2020-04-06 17:28:51Z INFO GitHubActionsService] AAD Correlation ID for this token request: Unknown
[2020-04-06 17:28:51Z WARN GitHubActionsService] Retrieving an AAD auth token took a long time (4.0106441 seconds)
[2020-04-06 17:49:04Z INFO MessageListener] No message retrieved from session 'eaa85c5e-171d-4a63-af55-f702300ecd80' within last 30 minutes.
[2020-04-06 18:19:25Z INFO MessageListener] No message retrieved from session 'eaa85c5e-171d-4a63-af55-f702300ecd80' within last 30 minutes.
[2020-04-06 18:24:28Z WARN GitHubActionsService] Authentication failed with status code 401.
WWW-Authenticate: Bearer
Strict-Transport-Security: max-age=2592000
X-TFS-ProcessId: 1a3a7267-320f-4e5f-a2f4-f723d4f6f768
ActivityId: 24165ec6-955e-4850-90c4-775c3bd4a1b9
X-TFS-Session: 5aafa16a-1eab-4718-9507-6e7482232e3f
X-VSS-E2EID: 6996d206-f5cc-47dc-b129-1d83496f0af8
X-VSS-SenderDeploymentId: d624195d-30e0-1768-06a5-b10a7879c7db
X-TFS-ServiceError: The+user+%27System%3aPublicAccess%3baaaaaaaa-aaaa-aaaa-aaaa-aaaaaaaaaaaa%27+is+not+authorized+to+access+this+resource.
X-VSS-S2STargetService: 0000005A-0000-8888-8000-000000000000/visualstudio.com
X-MSEdge-Ref: Ref A: C95ACF1F197345A0A45FCC70E9927D68 Ref B: JNB02EDGE0217 Ref C: 2020-04-06T18:24:26Z
Date: Mon, 06 Apr 2020 18:24:26 GMT

[2020-04-06 18:24:28Z INFO RSAEncryptedFileKeyManager] Loading RSA key parameters from file K:\actions-runner\.credentials_rsaparams
[2020-04-06 18:24:30Z INFO GitHubActionsService] AAD Correlation ID for this token request: Unknown
[2020-04-06 18:49:45Z INFO MessageListener] No message retrieved from session 'eaa85c5e-171d-4a63-af55-f702300ecd80' within last 30 minutes.
[2020-04-06 19:20:05Z INFO MessageListener] No message retrieved from session 'eaa85c5e-171d-4a63-af55-f702300ecd80' within last 30 minutes.
[2020-04-06 19:20:06Z WARN GitHubActionsService] Authentication failed with status code 401.
WWW-Authenticate: Bearer
Strict-Transport-Security: max-age=2592000
X-TFS-ProcessId: c56eef11-e6f9-4b0b-8371-8358048cde76
ActivityId: fb4927ee-5947-485f-9088-c9e23b9805eb
X-TFS-Session: 5aafa16a-1eab-4718-9507-6e7482232e3f
X-VSS-E2EID: 913b320c-f903-4a6e-a4ac-903ade343151
X-VSS-SenderDeploymentId: d624195d-30e0-1768-06a5-b10a7879c7db
X-TFS-ServiceError: The+user+%27System%3aPublicAccess%3baaaaaaaa-aaaa-aaaa-aaaa-aaaaaaaaaaaa%27+is+not+authorized+to+access+this+resource.
X-VSS-S2STargetService: 0000005A-0000-8888-8000-000000000000/visualstudio.com
X-MSEdge-Ref: Ref A: D5435E606FDA43B29990F6A48F77357C Ref B: JNB02EDGE0217 Ref C: 2020-04-06T19:20:04Z
Date: Mon, 06 Apr 2020 19:20:04 GMT

[2020-04-06 19:20:06Z INFO RSAEncryptedFileKeyManager] Loading RSA key parameters from file K:\actions-runner\.credentials_rsaparams
[2020-04-06 19:20:08Z INFO GitHubActionsService] AAD Correlation ID for this token request: Unknown
[2020-04-06 19:24:28Z INFO HostContext] Runner will be shutdown for UserCancelled
[2020-04-06 19:24:29Z WARN GitHubActionsService] GET request to https://pipelines.actions.githubusercontent.com/QfYpb7nPf8spnSfY4CCt69Q1h5T0wKuROAEPd52S2dbp2Fk6xd/_apis/distributedtask/pools/1/messages?sessionId=eaa85c5e-171d-4a63-af55-f702300ecd80 has been cancelled.
[2020-04-06 19:24:29Z INFO MessageListener] Get next message has been cancelled.
[2020-04-06 19:24:29Z INFO JobDispatcher] Shutting down JobDispatcher. Make sure all WorkerDispatcher has finished.
[2020-04-06 19:24:30Z INFO Listener] 