[2020-04-07 03:52:25Z INFO HostContext] No proxy settings were found based on environmental variables (http_proxy/https_proxy/HTTP_PROXY/HTTPS_PROXY)
[2020-04-07 03:52:25Z INFO Listener] Runner is built for Windows (X64) - win-x64.
[2020-04-07 03:52:25Z INFO Listener] RuntimeInformation: Microsoft Windows 10.0.19041.
[2020-04-07 03:52:25Z INFO Listener] Version: 2.165.2
[2020-04-07 03:52:25Z INFO Listener] Commit: fcf795d86d880b9f0bd10f9713d29cb9784ecef5
[2020-04-07 03:52:25Z INFO Listener] Culture: en-GB
[2020-04-07 03:52:25Z INFO Listener] UI Culture: en-US
[2020-04-07 03:52:25Z INFO HostContext] Well known directory 'Bin': 'K:\CIRCERO\local.repo\actions-runner\bin'
[2020-04-07 03:52:25Z INFO HostContext] Well known directory 'Root': 'K:\CIRCERO\local.repo\actions-runner'
[2020-04-07 03:52:25Z INFO Listener] Validating directory permissions for: 'K:\CIRCERO\local.repo\actions-runner'
[2020-04-07 03:52:25Z INFO CommandLineParser] Parse
[2020-04-07 03:52:25Z INFO CommandLineParser] Parsing 1 args
[2020-04-07 03:52:25Z INFO CommandLineParser] parsing argument
[2020-04-07 03:52:25Z INFO CommandLineParser] HasArgs: False
[2020-04-07 03:52:25Z INFO CommandLineParser] Adding Command: run
[2020-04-07 03:52:25Z INFO Listener] Arguments parsed
[2020-04-07 03:52:25Z INFO Runner] ExecuteCommand
[2020-04-07 03:52:25Z INFO ConfigurationStore] currentAssemblyLocation: K:\CIRCERO\local.repo\actions-runner\bin\Runner.Listener.dll
[2020-04-07 03:52:25Z INFO HostContext] Well known directory 'Bin': 'K:\CIRCERO\local.repo\actions-runner\bin'
[2020-04-07 03:52:25Z INFO ConfigurationStore] binPath: K:\CIRCERO\local.repo\actions-runner\bin
[2020-04-07 03:52:25Z INFO HostContext] Well known directory 'Bin': 'K:\CIRCERO\local.repo\actions-runner\bin'
[2020-04-07 03:52:25Z INFO HostContext] Well known directory 'Root': 'K:\CIRCERO\local.repo\actions-runner'
[2020-04-07 03:52:25Z INFO ConfigurationStore] RootFolder: K:\CIRCERO\local.repo\actions-runner
[2020-04-07 03:52:25Z INFO HostContext] Well known directory 'Bin': 'K:\CIRCERO\local.repo\actions-runner\bin'
[2020-04-07 03:52:25Z INFO HostContext] Well known directory 'Root': 'K:\CIRCERO\local.repo\actions-runner'
[2020-04-07 03:52:25Z INFO HostContext] Well known config file 'Runner': 'K:\CIRCERO\local.repo\actions-runner\.runner'
[2020-04-07 03:52:25Z INFO ConfigurationStore] ConfigFilePath: K:\CIRCERO\local.repo\actions-runner\.runner
[2020-04-07 03:52:25Z INFO HostContext] Well known directory 'Bin': 'K:\CIRCERO\local.repo\actions-runner\bin'
[2020-04-07 03:52:25Z INFO HostContext] Well known directory 'Root': 'K:\CIRCERO\local.repo\actions-runner'
[2020-04-07 03:52:25Z INFO HostContext] Well known config file 'Credentials': 'K:\CIRCERO\local.repo\actions-runner\.credentials'
[2020-04-07 03:52:25Z INFO ConfigurationStore] CredFilePath: K:\CIRCERO\local.repo\actions-runner\.credentials
[2020-04-07 03:52:25Z INFO HostContext] Well known directory 'Bin': 'K:\CIRCERO\local.repo\actions-runner\bin'
[2020-04-07 03:52:25Z INFO HostContext] Well known directory 'Root': 'K:\CIRCERO\local.repo\actions-runner'
[2020-04-07 03:52:25Z INFO HostContext] Well known config file 'Service': 'K:\CIRCERO\local.repo\actions-runner\.service'
[2020-04-07 03:52:25Z INFO ConfigurationStore] ServiceConfigFilePath: K:\CIRCERO\local.repo\actions-runner\.service
[2020-04-07 03:52:25Z INFO CommandSettings] Flag 'help': 'False'
[2020-04-07 03:52:25Z INFO CommandSettings] Flag 'version': 'False'
[2020-04-07 03:52:25Z INFO CommandSettings] Flag 'commit': 'False'
[2020-04-07 03:52:25Z INFO CommandSettings] Command 'configure': 'False'
[2020-04-07 03:52:25Z INFO CommandSettings] Command 'remove': 'False'
[2020-04-07 03:52:25Z INFO CommandSettings] Command 'warmup': 'False'
[2020-04-07 03:52:25Z INFO ConfigurationManager] LoadSettings
[2020-04-07 03:52:25Z INFO ConfigurationStore] IsConfigured()
[2020-04-07 03:52:25Z INFO ConfigurationStore] IsConfigured: True
[2020-04-07 03:52:25Z INFO ConfigurationManager] Is configured: True
[2020-04-07 03:52:25Z INFO ConfigurationStore] Read setting file: 295 chars
[2020-04-07 03:52:25Z INFO ConfigurationManager] Settings Loaded
[2020-04-07 03:52:25Z INFO ConfigurationStore] IsServiceConfigured()
[2020-04-07 03:52:25Z INFO ConfigurationStore] IsServiceConfigured: False
[2020-04-07 03:52:25Z INFO CommandSettings] Command 'run': 'True'
[2020-04-07 03:52:25Z INFO ConfigurationStore] IsConfigured()
[2020-04-07 03:52:25Z INFO ConfigurationStore] IsConfigured: True
[2020-04-07 03:52:25Z INFO ConfigurationManager] Is configured: True
[2020-04-07 03:52:25Z INFO Runner] Could not parse the argument value '' for StartupType. Defaulting to Manual
[2020-04-07 03:52:25Z INFO Runner] Set runner startup type - Manual
[2020-04-07 03:52:25Z INFO CommandSettings] Flag 'once': 'False'
[2020-04-07 03:52:25Z INFO Runner] RunAsync
[2020-04-07 03:52:25Z INFO ConfigurationManager] LoadSettings
[2020-04-07 03:52:25Z INFO ConfigurationStore] IsConfigured()
[2020-04-07 03:52:25Z INFO ConfigurationStore] IsConfigured: True
[2020-04-07 03:52:25Z INFO ConfigurationManager] Is configured: True
[2020-04-07 03:52:25Z INFO ConfigurationManager] Settings Loaded
[2020-04-07 03:52:25Z INFO MessageListener] {
  "AgentId": 2,
  "AgentName": "SERVER",
  "PoolId": 1,
  "PoolName": "Default",
  "ServerUrl": "https://pipelines.actions.githubusercontent.com/QfYpb7nPf8spnSfY4CCt69Q1h5T0wKuROAEPd52S2dbp2Fk6xd/",
  "GitHubUrl": "https://github.com/CIRCERO/local.repo",
  "WorkFolder": "local.repo"
}
[2020-04-07 03:52:25Z INFO MessageListener] Loading Credentials
[2020-04-07 03:52:25Z INFO ConfigurationStore] HasCredentials()
[2020-04-07 03:52:25Z INFO ConfigurationStore] stored True
[2020-04-07 03:52:25Z INFO CredentialManager] GetCredentialProvider
[2020-04-07 03:52:25Z INFO CredentialManager] Creating type OAuth
[2020-04-07 03:52:25Z INFO CredentialManager] Creating credential type: OAuth
[2020-04-07 03:52:25Z INFO HostContext] Well known directory 'Bin': 'K:\CIRCERO\local.repo\actions-runner\bin'
[2020-04-07 03:52:25Z INFO HostContext] Well known directory 'Root': 'K:\CIRCERO\local.repo\actions-runner'
[2020-04-07 03:52:25Z INFO HostContext] Well known config file 'RSACredentials': 'K:\CIRCERO\local.repo\actions-runner\.credentials_rsaparams'
[2020-04-07 03:52:25Z INFO RSAEncryptedFileKeyManager] Loading RSA key parameters from file K:\CIRCERO\local.repo\actions-runner\.credentials_rsaparams
[2020-04-07 03:52:25Z INFO MessageListener] Attempt to create session.
[2020-04-07 03:52:25Z INFO MessageListener] Connecting to the Runner Server...
[2020-04-07 03:52:25Z INFO RunnerServer] Establish connection with 100 seconds timeout.
[2020-04-07 03:52:26Z INFO GitHubActionsService] Starting operation Location.GetConnectionData
[2020-04-07 03:52:26Z INFO RunnerServer] Establish connection with 60 seconds timeout.
[2020-04-07 03:52:26Z INFO GitHubActionsService] Starting operation Location.GetConnectionData
[2020-04-07 03:52:26Z INFO RunnerServer] Establish connection with 60 seconds timeout.
[2020-04-07 03:52:26Z INFO GitHubActionsService] Starting operation Location.GetConnectionData
[2020-04-07 03:52:26Z INFO GitHubActionsService] Finished operation Location.GetConnectionData
[2020-04-07 03:52:26Z INFO GitHubActionsService] Finished operation Location.GetConnectionData
[2020-04-07 03:52:27Z INFO GitHubActionsService] Finished operation Location.GetConnectionData
[2020-04-07 03:52:27Z INFO MessageListener] VssConnection created
[2020-04-07 03:52:27Z INFO Terminal] WRITE LINE: 
[2020-04-07 03:52:27Z INFO Terminal] WRITE LINE: 
[2020-04-07 03:52:27Z WARN GitHubActionsService] Authentication failed with status code 401.
WWW-Authenticate: Bearer
Strict-Transport-Security: max-age=2592000
X-TFS-ProcessId: 1a3a7267-320f-4e5f-a2f4-f723d4f6f768
ActivityId: 23981ebd-955e-4850-90c4-775c3bd4a1b9
X-TFS-Session: c4a2e6b0-0f30-4659-bff7-61ebfd5bb487
X-VSS-E2EID: d772cd3d-329f-48eb-894d-c9ecc5f3d4a2
X-VSS-SenderDeploymentId: d624195d-30e0-1768-06a5-b10a7879c7db
X-TFS-ServiceError: The+user+%27System%3aPublicAccess%3baaaaaaaa-aaaa-aaaa-aaaa-aaaaaaaaaaaa%27+is+not+authorized+to+access+this+resource.
X-VSS-S2STargetService: 0000005A-0000-8888-8000-000000000000/visualstudio.com
X-MSEdge-Ref: Ref A: EB9E0A1376274F3CA856C0A011A99A36 Ref B: JNB02EDGE0213 Ref C: 2020-04-07T03:52:24Z
Date: Tue, 07 Apr 2020 03:52:24 GMT

[2020-04-07 03:52:27Z INFO RSAEncryptedFileKeyManager] Loading RSA key parameters from file K:\CIRCERO\local.repo\actions-runner\.credentials_rsaparams
[2020-04-07 03:52:27Z INFO RSAEncryptedFileKeyManager] Loading RSA key parameters from file K:\CIRCERO\local.repo\actions-runner\.credentials_rsaparams
[2020-04-07 03:52:29Z INFO GitHubActionsService] AAD Correlation ID for this token request: Unknown
[2020-04-07 03:52:29Z INFO MessageListener] Session created.
[2020-04-07 03:52:29Z INFO Terminal] WRITE LINE: 2020-04-07 03:52:29Z: Listening for Jobs
[2020-04-07 03:52:29Z INFO JobDispatcher] Set runner/worker IPC timeout to 30 seconds.
[2020-04-07 04:18:21Z INFO HostContext] Runner will be shutdown for UserCancelled
[2020-04-07 04:18:22Z WARN GitHubActionsService] GET request to https://pipelines.actions.githubusercontent.com/QfYpb7nPf8spnSfY4CCt69Q1h5T0wKuROAEPd52S2dbp2Fk6xd/_apis/distributedtask/pools/1/messages?sessionId=24de410f-7867-4114-aab1-588d86f1c329 has been cancelled.
[2020-04-07 04:18:22Z INFO MessageListener] Get next message has been cancelled.
[2020-04-07 04:18:22Z INFO JobDispatcher] Shutting down JobDispatcher. Make sure all WorkerDispatcher has finished.
